<!DOCTYPE html PUBLIC "-//W3C//DTD XHTML 1.1//EN" "http://www.w3.org/TR/xhtml11/DTD/xhtml11.dtd">
<html xmlns="http://www.w3.org/1999/xhtml"><head><title>TestNG Report</title><style type="text/css">table {margin-bottom:10px;border-collapse:collapse;empty-cells:show}th,td {border:1px solid #009;padding:.25em .5em}th {vertical-align:bottom}td {vertical-align:top}table a {font-weight:bold}.stripe td {background-color: #E6EBF9}.num {text-align:right}.passedodd td {background-color: #3F3}.passedeven td {background-color: #0A0}.skippedodd td {background-color: #DDD}.skippedeven td {background-color: #CCC}.failedodd td,.attn {background-color: #F33}.failedeven td,.stripe .attn {background-color: #D00}.stacktrace {white-space:pre;font-family:monospace}.totop {font-size:85%;text-align:center;border-bottom:2px solid #000}</style></head><body><table><tr><th>Test</th><th># Passed</th><th># Skipped</th><th># Failed</th><th>Time (ms)</th><th>Included Groups</th><th>Excluded Groups</th></tr><tr><th colspan="7">OrangeHRM</th></tr><tr><td><a href="#t0">On Chrome</a></td><td class="num">2</td><td class="num attn">2</td><td class="num">0</td><td class="num">40,950</td><td></td><td></td></tr><tr class="stripe"><td><a href="#t1">On Firefox</a></td><td class="num">1</td><td class="num attn">2</td><td class="num attn">1</td><td class="num">43,524</td><td></td><td></td></tr><tr><th>Total</th><th class="num">3</th><th class="num attn">4</th><th class="num attn">1</th><th class="num">84,474</th><th colspan="2"></th></tr></table><table><thead><tr><th>Class</th><th>Method</th><th>Start</th><th>Time (ms)</th></tr></thead><tbody><tr><th colspan="4">OrangeHRM</th></tr></tbody><tbody id="t0"><tr><th colspan="4">On Chrome &#8212; skipped</th></tr><tr class="skippedeven"><td rowspan="1">com.orangehrm.baseclass.AddEmployee</td><td><a href="#m0">addEmpTest</a></td><td rowspan="1">1456035131651</td><td rowspan="1">172</td></tr><tr class="skippedodd"><td rowspan="1">com.orangehrm.baseclass.TakingScreenshot</td><td><a href="#m1">sctShotTest</a></td><td rowspan="1">1456035131838</td><td rowspan="1">164</td></tr><tr><th colspan="4">On Chrome &#8212; passed</th></tr><tr class="passedeven"><td rowspan="1">com.orangehrm.baseclass.Login</td><td><a href="#m2">loginTest</a></td><td rowspan="1">1456035107757</td><td rowspan="1">23888</td></tr><tr class="passedodd"><td rowspan="1">com.orangehrm.baseclass.Logout</td><td><a href="#m3">logoutTest</a></td><td rowspan="1">1456035132007</td><td rowspan="1">16653</td></tr></tbody><tbody id="t1"><tr><th colspan="4">On Firefox &#8212; failed</th></tr><tr class="failedeven"><td rowspan="1">com.orangehrm.baseclass.Logout</td><td><a href="#m4">logoutTest</a></td><td rowspan="1">1456035140002</td><td rowspan="1">11216</td></tr><tr><th colspan="4">On Firefox &#8212; skipped</th></tr><tr class="skippedeven"><td rowspan="1">com.orangehrm.baseclass.AddEmployee</td><td><a href="#m5">addEmpTest</a></td><td rowspan="1">1456035139705</td><td rowspan="1">125</td></tr><tr class="skippedodd"><td rowspan="1">com.orangehrm.baseclass.TakingScreenshot</td><td><a href="#m6">sctShotTest</a></td><td rowspan="1">1456035139846</td><td rowspan="1">156</td></tr><tr><th colspan="4">On Firefox &#8212; passed</th></tr><tr class="passedeven"><td rowspan="1">com.orangehrm.baseclass.Login</td><td><a href="#m7">loginTest</a></td><td rowspan="1">1456035107757</td><td rowspan="1">31948</td></tr></tbody></table><h2>On Chrome</h2><h3 id="m0">com.orangehrm.baseclass.AddEmployee#addEmpTest</h3><table class="result"><tr><th>Exception</th></tr><tr><td><div class="stacktrace">org.testng.SkipException: AddEmp test case skipped
	at com.orangehrm.baseclass.AddEmployee.addEmpTest(AddEmployee.java:25)
	at java.util.concurrent.FutureTask.run(Unknown Source)
	at java.util.concurrent.ThreadPoolExecutor.runWorker(Unknown Source)
	at java.util.concurrent.ThreadPoolExecutor$Worker.run(Unknown Source)
	at java.lang.Thread.run(Unknown Source)
... Removed 16 stack frames</div></td></tr></table><p class="totop"><a href="#summary">back to summary</a></p><h3 id="m1">com.orangehrm.baseclass.TakingScreenshot#sctShotTest</h3><table class="result"><tr><th>Exception</th></tr><tr><td><div class="stacktrace">org.testng.SkipException: Screenshot test case skipped
	at com.orangehrm.baseclass.TakingScreenshot.sctShotTest(TakingScreenshot.java:16)
	at java.util.concurrent.FutureTask.run(Unknown Source)
	at java.util.concurrent.ThreadPoolExecutor.runWorker(Unknown Source)
	at java.util.concurrent.ThreadPoolExecutor$Worker.run(Unknown Source)
	at java.lang.Thread.run(Unknown Source)
... Removed 16 stack frames</div></td></tr></table><p class="totop"><a href="#summary">back to summary</a></p><h3 id="m2">com.orangehrm.baseclass.Login#loginTest</h3><table class="result"><tr class="param"><th>Parameter #1</th></tr><tr class="param stripe"><td>chrome</td></tr></table><p class="totop"><a href="#summary">back to summary</a></p><h3 id="m3">com.orangehrm.baseclass.Logout#logoutTest</h3><table class="result"></table><p class="totop"><a href="#summary">back to summary</a></p><h2>On Firefox</h2><h3 id="m4">com.orangehrm.baseclass.Logout#logoutTest</h3><table class="result"><tr><th>Exception</th></tr><tr><td><div class="stacktrace">org.openqa.selenium.NoSuchElementException: Unable to locate element: {&quot;method&quot;:&quot;id&quot;,&quot;selector&quot;:&quot;welcome&quot;}
For documentation on this error, please visit: http://seleniumhq.org/exceptions/no_such_element.html
Build info: version: &apos;2.45.0&apos;, revision: &apos;5017cb8&apos;, time: &apos;2015-02-26 23:59:50&apos;
System info: host: &apos;sys&apos;, ip: &apos;192.168.1.17&apos;, os.name: &apos;Windows 7&apos;, os.arch: &apos;amd64&apos;, os.version: &apos;6.1&apos;, java.version: &apos;1.7.0_55&apos;
Driver info: driver.version: unknown
Command duration or timeout: 1.06 seconds
For documentation on this error, please visit: http://seleniumhq.org/exceptions/no_such_element.html
Build info: version: &apos;2.47.1&apos;, revision: &apos;411b314&apos;, time: &apos;2015-07-30 03:03:16&apos;
System info: host: &apos;sys&apos;, ip: &apos;192.168.1.17&apos;, os.name: &apos;Windows 7&apos;, os.arch: &apos;amd64&apos;, os.version: &apos;6.1&apos;, java.version: &apos;1.7.0_55&apos;
*** Element info: {Using=id, value=welcome}
Session ID: ac1f1833-84a2-417b-8090-44eaf332b7d5
Driver info: org.openqa.selenium.remote.RemoteWebDriver
Capabilities [{platform=WINDOWS, javascriptEnabled=true, acceptSslCerts=true, browserName=firefox, rotatable=false, locationContextEnabled=true, webdriver.remote.sessionid=ac1f1833-84a2-417b-8090-44eaf332b7d5, version=35.0.1, databaseEnabled=true, cssSelectorsEnabled=true, handlesAlerts=true, webStorageEnabled=true, nativeEvents=false, applicationCacheEnabled=true, takesScreenshot=true}]
	at org.openqa.selenium.remote.ErrorHandler.createThrowable(ErrorHandler.java:206)
	at org.openqa.selenium.remote.ErrorHandler.throwIfResponseFailed(ErrorHandler.java:158)
	at org.openqa.selenium.remote.RemoteWebDriver.execute(RemoteWebDriver.java:595)
	at org.openqa.selenium.remote.RemoteWebDriver.findElement(RemoteWebDriver.java:348)
	at org.openqa.selenium.remote.RemoteWebDriver.findElementById(RemoteWebDriver.java:389)
	at org.openqa.selenium.By$ById.findElement(By.java:215)
	at org.openqa.selenium.remote.RemoteWebDriver.findElement(RemoteWebDriver.java:340)
	at org.openqa.selenium.support.pagefactory.DefaultElementLocator.findElement(DefaultElementLocator.java:69)
	at org.openqa.selenium.support.pagefactory.internal.LocatingElementHandler.invoke(LocatingElementHandler.java:38)
	at com.sun.proxy.$Proxy7.click(Unknown Source)
	at com.orangehrm.pom.Menu.logout(Menu.java:17)
	at com.orangehrm.baseclass.Logout.logoutTest(Logout.java:22)
	at java.util.concurrent.FutureTask.run(Unknown Source)
	at java.util.concurrent.ThreadPoolExecutor.runWorker(Unknown Source)
	at java.util.concurrent.ThreadPoolExecutor$Worker.run(Unknown Source)
	at java.lang.Thread.run(Unknown Source)
Caused by: org.openqa.selenium.remote.ScreenshotException: Screen shot has been taken
Build info: version: &apos;2.47.1&apos;, revision: &apos;411b314&apos;, time: &apos;2015-07-30 03:03:16&apos;
System info: host: &apos;sys&apos;, ip: &apos;192.168.1.17&apos;, os.name: &apos;Windows 7&apos;, os.arch: &apos;amd64&apos;, os.version: &apos;6.1&apos;, java.version: &apos;1.7.0_55&apos;
Driver info: driver.version: RemoteWebDriver
	at org.openqa.selenium.remote.ErrorHandler.throwIfResponseFailed(ErrorHandler.java:138)
	... 30 more
Caused by: org.openqa.selenium.NoSuchElementException: Unable to locate element: {&quot;method&quot;:&quot;id&quot;,&quot;selector&quot;:&quot;welcome&quot;}
For documentation on this error, please visit: http://seleniumhq.org/exceptions/no_such_element.html
Build info: version: &apos;2.45.0&apos;, revision: &apos;5017cb8&apos;, time: &apos;2015-02-26 23:59:50&apos;
System info: host: &apos;sys&apos;, ip: &apos;192.168.1.17&apos;, os.name: &apos;Windows 7&apos;, os.arch: &apos;amd64&apos;, os.version: &apos;6.1&apos;, java.version: &apos;1.7.0_55&apos;
Driver info: driver.version: unknown
For documentation on this error, please visit: http://seleniumhq.org/exceptions/no_such_element.html
Build info: version: &apos;2.47.1&apos;, revision: &apos;411b314&apos;, time: &apos;2015-07-30 03:03:16&apos;
System info: host: &apos;sys&apos;, ip: &apos;192.168.1.17&apos;, os.name: &apos;Windows 7&apos;, os.arch: &apos;amd64&apos;, os.version: &apos;6.1&apos;, java.version: &apos;1.7.0_55&apos;
Driver info: driver.version: unknown
	at &lt;anonymous class&gt;.FirefoxDriver.prototype.findElementInternal_(file:///C:/Users/sai/AppData/Local/Temp/anonymous5912539462809357803webdriver-profile/extensions/fxdriver@googlecode.com/components/driver-component.js:10271)
	at &lt;anonymous class&gt;.FirefoxDriver.prototype.findElement(file:///C:/Users/sai/AppData/Local/Temp/anonymous5912539462809357803webdriver-profile/extensions/fxdriver@googlecode.com/components/driver-component.js:10280)
	at &lt;anonymous class&gt;.DelayedCommand.prototype.executeInternal_/h(file:///C:/Users/sai/AppData/Local/Temp/anonymous5912539462809357803webdriver-profile/extensions/fxdriver@googlecode.com/components/command-processor.js:12274)
	at &lt;anonymous class&gt;.DelayedCommand.prototype.executeInternal_(file:///C:/Users/sai/AppData/Local/Temp/anonymous5912539462809357803webdriver-profile/extensions/fxdriver@googlecode.com/components/command-processor.js:12279)
	at &lt;anonymous class&gt;.DelayedCommand.prototype.execute/&lt;(file:///C:/Users/sai/AppData/Local/Temp/anonymous5912539462809357803webdriver-profile/extensions/fxdriver@googlecode.com/components/command-processor.js:12221)
... Removed 20 stack frames</div></td></tr></table><p class="totop"><a href="#summary">back to summary</a></p><h3 id="m5">com.orangehrm.baseclass.AddEmployee#addEmpTest</h3><table class="result"><tr><th>Exception</th></tr><tr><td><div class="stacktrace">org.testng.SkipException: AddEmp test case skipped
	at com.orangehrm.baseclass.AddEmployee.addEmpTest(AddEmployee.java:25)
	at java.util.concurrent.FutureTask.run(Unknown Source)
	at java.util.concurrent.ThreadPoolExecutor.runWorker(Unknown Source)
	at java.util.concurrent.ThreadPoolExecutor$Worker.run(Unknown Source)
	at java.lang.Thread.run(Unknown Source)
... Removed 16 stack frames</div></td></tr></table><p class="totop"><a href="#summary">back to summary</a></p><h3 id="m6">com.orangehrm.baseclass.TakingScreenshot#sctShotTest</h3><table class="result"><tr><th>Exception</th></tr><tr><td><div class="stacktrace">org.testng.SkipException: Screenshot test case skipped
	at com.orangehrm.baseclass.TakingScreenshot.sctShotTest(TakingScreenshot.java:16)
	at java.util.concurrent.FutureTask.run(Unknown Source)
	at java.util.concurrent.ThreadPoolExecutor.runWorker(Unknown Source)
	at java.util.concurrent.ThreadPoolExecutor$Worker.run(Unknown Source)
	at java.lang.Thread.run(Unknown Source)
... Removed 16 stack frames</div></td></tr></table><p class="totop"><a href="#summary">back to summary</a></p><h3 id="m7">com.orangehrm.baseclass.Login#loginTest</h3><table class="result"><tr class="param"><th>Parameter #1</th></tr><tr class="param stripe"><td>firefox</td></tr></table><p class="totop"><a href="#summary">back to summary</a></p></body></html>